<?xml version="1.0" encoding="UTF-8"?>
<!-- Generated by org.testng.reporters.JUnitReportReporter -->
<testsuite skipped="0" hostname="Praveen-PC" name="com.runnerclass.Runnerclass" tests="1" failures="0" timestamp="15 Mar 2018 10:06:23 GMT" time="54.253" errors="0">
  <testcase name="feature" time="54.253" classname="com.runnerclass.Runnerclass"/>
</testsuite> <!-- com.runnerclass.Runnerclass -->
